2016-10-28 00:51:52 ATTENTION 1812 Thread-6 DEBUG:######## Stock:600479 Finished: Network Problem ########
2016-10-28 00:52:42 ATTENTION 6072 Thread-9 DEBUG:######## Stock:600656 Finished: Network Problem ########
2016-10-28 00:53:13 ATTENTION 6072 Thread-9 DEBUG:SQL:
2016-10-28 00:53:13 ATTENTION 6072 Thread-9 DEBUG:(datetime.date(2016, 10, 14), 29.86, 30.1, 29.79, 29.68, 1817226.0, 54258461.0)
2016-10-28 00:53:13 ATTENTION 6072 Thread-9 DEBUG:TS:
2016-10-28 00:53:13 ATTENTION 6072 Thread-9 DEBUG:(datetime.date(2016, 10, 14), 29.78, 30.02, 29.71, 29.6, 1817226.0, 54258461.0)
2016-10-28 00:53:13 ATTENTION 6072 Thread-9 WARNING:######## Stock:600661 Not Pass -- Different values ########
2016-10-28 00:53:13 ATTENTION 6072 Thread-9 DEBUG:######## Stock:600661 Finished: Not Pass ########
2016-10-28 00:54:15 ATTENTION 10064 Thread-2 DEBUG:######## Stock:600033 Finished: Network Problem ########
2016-10-28 00:57:07 ATTENTION 6072 Thread-9 DEBUG:######## Stock:600676 Finished: Network Problem ########
2016-10-28 01:01:26 ATTENTION 1812 Thread-6 DEBUG:SQL:
2016-10-28 01:01:26 ATTENTION 1812 Thread-6 DEBUG:(datetime.date(2016, 10, 24), 25.76, 26.0, 25.95, 25.75, 2631327.0, 68167994.0)
2016-10-28 01:01:26 ATTENTION 1812 Thread-6 DEBUG:TS:
2016-10-28 01:01:26 ATTENTION 1812 Thread-6 DEBUG:(datetime.date(2016, 10, 24), 25.51, 25.75, 25.7, 25.5, 2631327.0, 68167994.0)
2016-10-28 01:01:26 ATTENTION 1812 Thread-6 WARNING:######## Stock:603885 Not Pass -- Different values ########
2016-10-28 01:01:26 ATTENTION 1812 Thread-6 DEBUG:######## Stock:603885 Finished: Not Pass ########
2016-10-28 01:01:40 ATTENTION 1900 Thread-5 DEBUG:######## Stock:600375 Finished: Network Problem ########
2016-10-28 01:02:17 ATTENTION 6072 Thread-9 DEBUG:######## Stock:601388 Finished: Network Problem ########
2016-10-28 01:06:14 ATTENTION 11444 Thread-8 DEBUG:SQL:
2016-10-28 01:06:14 ATTENTION 11444 Thread-8 DEBUG:(datetime.date(2016, 10, 14), 22.07, 22.15, 22.14, 21.95, 2544581.0, 56031465.0)
2016-10-28 01:06:14 ATTENTION 11444 Thread-8 DEBUG:TS:
2016-10-28 01:06:14 ATTENTION 11444 Thread-8 DEBUG:(datetime.date(2016, 10, 14), 21.99, 22.07, 22.06, 21.87, 2544581.0, 56031465.0)
2016-10-28 01:06:14 ATTENTION 11444 Thread-8 WARNING:######## Stock:601238 Not Pass -- Different values ########
2016-10-28 01:06:14 ATTENTION 11444 Thread-8 DEBUG:######## Stock:601238 Finished: Not Pass ########
2016-10-28 01:12:33 ATTENTION 10236 Thread-1 DEBUG:SQL:
2016-10-28 01:12:33 ATTENTION 10236 Thread-1 DEBUG:(datetime.date(2016, 10, 26), 18.1, 18.21, 18.09, 18.0, 3785744.0, 68539703.0)
2016-10-28 01:12:33 ATTENTION 10236 Thread-1 DEBUG:TS:
2016-10-28 01:12:33 ATTENTION 10236 Thread-1 DEBUG:(datetime.date(2016, 10, 26), 17.95, 18.06, 17.94, 17.85, 3785744.0, 68539703.0)
2016-10-28 01:12:33 ATTENTION 10236 Thread-1 WARNING:######## Stock:002080 Not Pass -- Different values ########
2016-10-28 01:12:33 ATTENTION 10236 Thread-1 DEBUG:######## Stock:002080 Finished: Not Pass ########
2016-10-28 01:16:13 ATTENTION 10236 Thread-1 DEBUG:SQL:
2016-10-28 01:16:13 ATTENTION 10236 Thread-1 DEBUG:(datetime.date(2016, 10, 21), 31.49, 31.97, 31.28, 29.8, 16458772.0, 509473101.0)
2016-10-28 01:16:13 ATTENTION 10236 Thread-1 DEBUG:TS:
2016-10-28 01:16:13 ATTENTION 10236 Thread-1 DEBUG:(datetime.date(2016, 10, 21), 9.0, 9.13, 8.94, 8.51, 16458772.0, 509473101.0)
2016-10-28 01:16:13 ATTENTION 10236 Thread-1 WARNING:######## Stock:002141 Not Pass -- Different values ########
2016-10-28 01:16:13 ATTENTION 10236 Thread-1 DEBUG:######## Stock:002141 Finished: Not Pass ########
2016-10-28 01:23:37 ATTENTION 1812 Thread-6 DEBUG:SQL:
2016-10-28 01:23:37 ATTENTION 1812 Thread-6 DEBUG:(datetime.date(2016, 10, 25), 19.97, 19.97, 19.5, 19.49, 26191289.0, 515358457.0)
2016-10-28 01:23:37 ATTENTION 1812 Thread-6 DEBUG:TS:
2016-10-28 01:23:37 ATTENTION 1812 Thread-6 DEBUG:(datetime.date(2016, 10, 25), 6.66, 6.66, 6.5, 6.5, 26191289.0, 515358457.0)
2016-10-28 01:23:37 ATTENTION 1812 Thread-6 WARNING:######## Stock:300026 Not Pass -- Different values ########
2016-10-28 01:23:37 ATTENTION 1812 Thread-6 DEBUG:######## Stock:300026 Finished: Not Pass ########
2016-10-28 01:24:30 ATTENTION 1812 Thread-6 DEBUG:SQL:
2016-10-28 01:24:30 ATTENTION 1812 Thread-6 DEBUG:(datetime.date(2016, 10, 14), 67.99, 67.99, 67.6, 66.88, 797996.0, 53744074.0)
2016-10-28 01:24:30 ATTENTION 1812 Thread-6 DEBUG:TS:
2016-10-28 01:24:30 ATTENTION 1812 Thread-6 DEBUG:(datetime.date(2016, 10, 14), 27.2, 27.2, 27.04, 26.75, 797996.0, 53744074.0)
2016-10-28 01:24:30 ATTENTION 1812 Thread-6 WARNING:######## Stock:300426 Not Pass -- Different values ########
2016-10-28 01:24:30 ATTENTION 1812 Thread-6 DEBUG:######## Stock:300426 Finished: Not Pass ########
2016-10-28 01:26:10 ATTENTION 10064 Thread-2 DEBUG:SQL:
2016-10-28 01:26:10 ATTENTION 10064 Thread-2 DEBUG:(datetime.date(2016, 10, 14), 72.36, 73.27, 72.64, 71.36, 1477334.0, 106630691.0)
2016-10-28 01:26:10 ATTENTION 10064 Thread-2 DEBUG:TS:
2016-10-28 01:26:10 ATTENTION 10064 Thread-2 DEBUG:(datetime.date(2016, 10, 14), 24.09, 24.39, 24.18, 23.76, 1477334.0, 106630691.0)
2016-10-28 01:26:10 ATTENTION 10064 Thread-2 WARNING:######## Stock:300381 Not Pass -- Different values ########
2016-10-28 01:26:10 ATTENTION 10064 Thread-2 DEBUG:######## Stock:300381 Finished: Not Pass ########
2016-10-28 01:27:10 ATTENTION 1900 Thread-5 DEBUG:SQL:
2016-10-28 01:27:10 ATTENTION 1900 Thread-5 DEBUG:(datetime.date(2016, 10, 14), 26.15, 26.45, 25.6, 25.2, 4620100.0, 118676246.0)
2016-10-28 01:27:10 ATTENTION 1900 Thread-5 DEBUG:TS:
2016-10-28 01:27:10 ATTENTION 1900 Thread-5 DEBUG:(datetime.date(2016, 10, 14), 14.55, 14.72, 14.24, 14.02, 4620100.0, 118676246.0)
2016-10-28 01:27:10 ATTENTION 1900 Thread-5 WARNING:######## Stock:300326 Not Pass -- Different values ########
2016-10-28 01:27:10 ATTENTION 1900 Thread-5 DEBUG:######## Stock:300326 Finished: Not Pass ########
2016-10-28 01:27:40 ATTENTION 1812 Thread-6 DEBUG:SQL:
2016-10-28 01:27:40 ATTENTION 1812 Thread-6 DEBUG:(datetime.date(2016, 5, 24), 45.35, 46.55, 46.2, 44.73, 1011198.0, 46477570.0)
2016-10-28 01:27:40 ATTENTION 1812 Thread-6 DEBUG:TS:
2016-10-28 01:27:40 ATTENTION 1812 Thread-6 DEBUG:(datetime.date(2016, 5, 24), 45.37, 46.56, 46.21, 44.75, 1011198.0, 46477570.0)
2016-10-28 01:27:40 ATTENTION 1812 Thread-6 WARNING:######## Stock:300461 Not Pass -- Different values ########
2016-10-28 01:27:40 ATTENTION 1812 Thread-6 DEBUG:######## Stock:300461 Finished: Not Pass ########
2016-10-28 01:27:55 ATTENTION 1812 Thread-6 DEBUG:SQL:
2016-10-28 01:27:55 ATTENTION 1812 Thread-6 DEBUG:(datetime.date(2016, 10, 25), 73.02, 76.3, 73.4, 72.28, 14151482.0, 1053303035.0)
2016-10-28 01:27:55 ATTENTION 1812 Thread-6 DEBUG:TS:
2016-10-28 01:27:55 ATTENTION 1812 Thread-6 DEBUG:(datetime.date(2016, 10, 25), 22.82, 23.84, 22.94, 22.59, 14151482.0, 1053303035.0)
2016-10-28 01:27:55 ATTENTION 1812 Thread-6 WARNING:######## Stock:300465 Not Pass -- Different values ########
2016-10-28 01:27:55 ATTENTION 1812 Thread-6 DEBUG:######## Stock:300465 Finished: Not Pass ########
2016-10-28 01:29:19 ATTENTION 1812 Thread-6 DEBUG:SQL:
2016-10-28 01:29:19 ATTENTION 1812 Thread-6 DEBUG:(datetime.date(2016, 3, 31), 70.58, 73.77, 72.1, 69.97, 2079195.0, 151236336.0)
2016-10-28 01:29:19 ATTENTION 1812 Thread-6 DEBUG:TS:
2016-10-28 01:29:19 ATTENTION 1812 Thread-6 DEBUG:(datetime.date(2016, 3, 31), 70.6, 73.79, 72.12, 69.99, 2079195.0, 151236336.0)
2016-10-28 01:29:19 ATTENTION 1812 Thread-6 WARNING:######## Stock:300488 Not Pass -- Different values ########
2016-10-28 01:29:19 ATTENTION 1812 Thread-6 DEBUG:######## Stock:300488 Finished: Not Pass ########
