2016-10-28 00:15:11 NORMAL 2031521225920 MainThread DEBUG:############### connected to database ######################
2016-10-28 00:15:11 NORMAL 2031540388520 Thread-1 DEBUG:######## Start To Verify Stock:600151 ########
2016-10-28 00:15:11 NORMAL 2031540388520 Thread-1 DEBUG:Stock:600151 Getting Stock Data From Tushare
2016-10-28 00:15:11 NORMAL 2031540388672 Thread-2 DEBUG:######## Start To Verify Stock:600365 ########
2016-10-28 00:15:11 NORMAL 2031540388672 Thread-2 DEBUG:Stock:600365 Getting Stock Data From Tushare
2016-10-28 00:15:11 NORMAL 2031540388824 Thread-3 DEBUG:######## Start To Verify Stock:600807 ########
2016-10-28 00:15:11 NORMAL 2031540388824 Thread-3 DEBUG:Stock:600807 Getting Stock Data From Tushare
2016-10-28 00:15:11 NORMAL 2031540388976 Thread-4 DEBUG:######## Start To Verify Stock:600809 ########
2016-10-28 00:15:11 NORMAL 2031540388976 Thread-4 DEBUG:Stock:600809 Getting Stock Data From Tushare
2016-10-28 00:15:11 NORMAL 2031540389128 Thread-5 DEBUG:######## Start To Verify Stock:600816 ########
2016-10-28 00:15:11 NORMAL 2031540389128 Thread-5 DEBUG:Stock:600816 Getting Stock Data From Tushare
2016-10-28 00:15:11 NORMAL 2031540389280 Thread-6 DEBUG:######## Start To Verify Stock:600831 ########
2016-10-28 00:15:11 NORMAL 2031540389280 Thread-6 DEBUG:Stock:600831 Getting Stock Data From Tushare
2016-10-28 00:15:11 NORMAL 2031540389432 Thread-7 DEBUG:######## Start To Verify Stock:600656 ########
2016-10-28 00:15:11 NORMAL 2031540389432 Thread-7 DEBUG:Stock:600656 Getting Stock Data From Tushare
2016-10-28 00:15:11 NORMAL 2031540389584 Thread-8 DEBUG:######## Start To Verify Stock:600346 ########
2016-10-28 00:15:11 NORMAL 2031540389584 Thread-8 DEBUG:Stock:600346 Getting Stock Data From Tushare
2016-10-28 00:15:11 NORMAL 2031540389736 Thread-9 DEBUG:######## Start To Verify Stock:600599 ########
2016-10-28 00:15:11 NORMAL 2031540389736 Thread-9 DEBUG:Stock:600599 Getting Stock Data From Tushare
2016-10-28 00:15:11 NORMAL 2031540389888 Thread-10 DEBUG:######## Start To Verify Stock:603108 ########
2016-10-28 00:15:11 NORMAL 2031540389888 Thread-10 DEBUG:Stock:603108 Getting Stock Data From Tushare
2016-10-28 00:15:16 NORMAL 2031540389888 Thread-10 DEBUG:Data:
2016-10-28 00:15:16 NORMAL 2031540389888 Thread-10 DEBUG:             open   high  close    low     volume       amount
date                                                          
2016-10-27  32.12  33.28  33.18  32.12  2974549.0   97726593.0
2016-10-26  32.20  32.49  32.19  32.10  1049760.0   33848453.0
2016-10-25  32.30  32.65  32.19  32.00  1623468.0   52442848.0
2016-10-24  32.05  32.52  32.14  32.00  1366195.0   44026949.0
2016-10-21  32.79  32.90  32.26  31.82  1645552.0   53043038.0
2016-10-20  33.01  33.30  32.79  32.50  2841297.0   92984581.0
2016-10-19  33.16  33.23  33.11  32.61  1873430.0   61641008.0
2016-10-18  31.96  33.18  33.13  31.96  3603990.0  117791839.0
2016-10-17  32.45  32.85  31.96  31.92  2045437.0   66073686.0
2016-10-14  32.05  32.64  32.58  32.00  1462390.0   47273821.0
2016-10-13  32.96  33.11  32.23  32.01  3025385.0   97909991.0
2016-10-12  33.40  33.60  32.87  32.63  2629900.0   86934562.0
2016-10-11  33.20  33.80  33.72  32.85  2962941.0   98776472.0
2016-10-10  33.21  33.48  33.21  32.65  3437679.0  113811082.0
2016-09-30  32.79  33.47  33.12  32.45  3055462.0  100561326.0
2016-09-29  31.19  33.09  32.79  31.19  4650352.0  150546209.0
2016-09-28  31.06  31.50  30.93  30.51  1840829.0   57417539.0
2016-09-27  31.00  31.17  31.01  30.39  1886386.0   57997701.0
2016-09-26  31.70  32.46  31.06  31.04  3897968.0  124281072.0
2016-09-23  30.80  31.70  31.69  30.71  2072890.0   64895782.0
2016-09-22  31.06  31.39  30.98  30.87  1216914.0   37810138.0
2016-09-21  31.11  31.66  31.06  30.95  1285898.0   40293537.0
2016-09-20  31.62  31.75  31.26  31.05  1430563.0   44889094.0
2016-09-19  30.38  31.69  31.54  30.20  2565949.0   80183513.0
2016-09-14  30.95  31.43  30.43  30.28  1747909.0   53694059.0
2016-09-13  31.59  31.76  31.09  30.98  2786988.0   87145172.0
2016-09-12  31.80  32.12  31.54  30.60  4829616.0  151199373.0
2016-09-09  31.67  32.80  32.40  31.41  4220464.0  136339213.0
2016-09-08  31.99  32.53  31.60  31.45  2240340.0   71369776.0
2016-09-07  31.25  32.17  31.78  31.25  3539710.0  112640599.0
...           ...    ...    ...    ...        ...          ...
2016-02-22  30.15  30.55  29.98  29.39   818801.0   74006358.0
2016-02-19  28.81  29.48  29.46  28.81   437443.0   38395627.0
2016-02-18  29.57  29.87  29.15  28.92   509194.0   45030849.0
2016-02-17  28.86  29.55  29.39  28.56   656370.0   57193174.0
2016-02-16  28.26  29.33  29.07  28.26   799060.0   69452624.0
2016-02-15  26.76  28.59  28.26  26.64   471701.0   39547561.0
2016-02-05  27.69  28.13  27.83  27.47   512650.0   42737921.0
2016-02-04  26.88  28.32  27.69  26.54   902705.0   74916694.0
2016-02-03  26.51  26.76  26.62  25.67   317029.0   25021209.0
2016-02-02  25.60  26.91  26.82  25.60   577150.0   45961762.0
2016-02-01  25.90  26.51  25.61  24.97   622493.0   48194904.0
2016-01-29  24.94  27.08  26.21  23.74  1204398.0   91084089.0
2016-01-28  27.60  28.58  25.43  25.43  1309785.0  103741845.0
2016-01-27  27.99  28.76  28.25  27.31  1586758.0  131799782.0
2016-01-25  30.12  31.19  30.34  30.06   453188.0   41705778.0
2016-01-22  30.09  30.52  30.06  28.66   598009.0   52970318.0
2016-01-21  30.46  30.79  29.30  29.16   692465.0   62303598.0
2016-01-20  30.59  31.55  30.55  29.80   691406.0   63678377.0
2016-01-19  29.88  31.19  30.60  29.56   918021.0   84172236.0
2016-01-18  27.27  31.32  30.15  27.20  1023763.0   91497484.0
2016-01-15  27.27  29.69  28.48  27.02  1627573.0  140615071.0
2016-01-14  25.60  28.09  27.94  24.60  1124566.0   89125810.0
2016-01-13  29.59  29.86  26.72  26.72  1492288.0  125051867.0
2016-01-12  29.74  30.92  29.69  28.26  1222649.0  109323952.0
2016-01-11  31.65  32.25  29.74  29.74  2305398.0  209926826.0
2016-01-08  33.25  34.74  33.05  30.42  2034377.0  203546137.0
2016-01-07  34.34  35.41  32.04  32.04   586820.0   59833607.0
2016-01-06  32.12  35.60  35.60  31.95  1872912.0  193421478.0
2016-01-05  29.26  33.13  32.36  29.26  1852207.0  177975585.0
2016-01-04  33.58  34.08  31.04  30.92  1318725.0  128558349.0

[196 rows x 6 columns]
2016-10-28 00:15:16 NORMAL 2031540389888 Thread-10 DEBUG:######## Start To Verify Stock:000568 ########
2016-10-28 00:15:16 NORMAL 2031540389888 Thread-10 DEBUG:Stock:000568 Getting Stock Data From Tushare
